[0m15:56:37.726269 [debug] [MainThread]: Sending event: {'category': 'dbt', 'action': 'invocation', 'label': 'start', 'context': [<snowplow_tracker.self_describing_json.SelfDescribingJson object at 0x7f39bde80b50>, <snowplow_tracker.self_describing_json.SelfDescribingJson object at 0x7f39bc5ba3e0>, <snowplow_tracker.self_describing_json.SelfDescribingJson object at 0x7f39bc5ba440>]}


============================== 15:56:37.729202 | 37c5ba36-8a41-41f5-a69b-0f878501b65c ==============================
[0m15:56:37.729202 [info ] [MainThread]: Running with dbt=1.8.2
[0m15:56:37.729711 [debug] [MainThread]: running dbt with arguments {'printer_width': '80', 'indirect_selection': 'eager', 'write_json': 'True', 'log_cache_events': 'False', 'partial_parse': 'True', 'cache_selected_only': 'False', 'warn_error': 'None', 'fail_fast': 'False', 'version_check': 'True', 'log_path': 'logs', 'debug': 'False', 'profiles_dir': '/home/kiet/.dbt', 'use_colors': 'True', 'use_experimental_parser': 'False', 'no_print': 'None', 'quiet': 'False', 'log_format': 'default', 'invocation_command': 'dbt init', 'static_parser': 'True', 'introspect': 'True', 'target_path': 'None', 'warn_error_options': 'WarnErrorOptions(include=[], exclude=[])', 'send_anonymous_usage_stats': 'True'}
[0m15:56:37.735512 [warn ] [MainThread]: [ConfigFolderDirectory]: Unable to parse dict {'dir': PosixPath('/home/kiet/.dbt')}
[0m15:56:37.735888 [info ] [MainThread]: Creating dbt configuration folder at 
[0m15:56:52.033469 [debug] [MainThread]: Starter project path: /home/kiet/projects/elt/dbt-env/lib/python3.10/site-packages/dbt/include/starter_project
[0m15:56:52.035829 [info ] [MainThread]: 
Your new dbt project "custom_postgres" was created!

For more information on how to configure the profiles.yml file,
please consult the dbt documentation here:

  https://docs.getdbt.com/docs/configure-your-profile

One more thing:

Need help? Don't hesitate to reach out to us via GitHub issues or on Slack:

  https://community.getdbt.com/

Happy modeling!

[0m15:56:52.036216 [info ] [MainThread]: Setting up your profile.
[0m16:01:05.785646 [info ] [MainThread]: Profile custom_postgres written to /home/kiet/.dbt/profiles.yml using target's profile_template.yml and your supplied values. Run 'dbt debug' to validate the connection.
[0m16:01:05.789575 [debug] [MainThread]: Resource report: {"command_name": "init", "command_success": true, "command_wall_clock_time": 268.11185, "process_user_time": 0.885408, "process_kernel_time": 0.061062, "process_mem_max_rss": "90088", "process_in_blocks": "40", "process_out_blocks": "88"}
[0m16:01:05.790115 [debug] [MainThread]: Command `dbt init` succeeded at 16:01:05.790022 after 268.11 seconds
[0m16:01:05.790456 [debug] [MainThread]: Sending event: {'category': 'dbt', 'action': 'invocation', 'label': 'end', 'context': [<snowplow_tracker.self_describing_json.SelfDescribingJson object at 0x7f39bde80b50>, <snowplow_tracker.self_describing_json.SelfDescribingJson object at 0x7f39be1d5840>, <snowplow_tracker.self_describing_json.SelfDescribingJson object at 0x7f39bc5b9fc0>]}
[0m16:01:05.790790 [debug] [MainThread]: Flushing usage events
